<?xml version="1.0" encoding="UTF-8"?>
<!-- Generated by org.testng.reporters.JUnitReportReporter -->
<testsuite hostname="ITLFZVYMC2" failures="0" tests="1" name="com.ilabassessment.testcases.CareerJourneyTest" time="80.877" errors="0" timestamp="2023-01-19T06:00:16 SAST" skipped="0">
  <testcase classname="com.ilabassessment.testcases.CareerJourneyTest" name="CompleteForm" time="80.877"/>
  <system-out/>
</testsuite> <!-- com.ilabassessment.testcases.CareerJourneyTest -->
