<?xml version="1.0" encoding="UTF-8"?>
<!-- Generated by org.testng.reporters.JUnitReportReporter -->
<testsuite hostname="ITLFZVYMC2" failures="0" tests="6" name="com.ilabassessment.testcases.CareerJourneyTest" time="207.292" errors="0" timestamp="2023-01-30T06:35:59 SAST" skipped="0">
  <testcase classname="com.ilabassessment.testcases.CareerJourneyTest" name="navigateToCareer" time="32.498"/>
  <system-out/>
  <testcase classname="com.ilabassessment.testcases.CareerJourneyTest" name="navigateToCareer" time="15.084"/>
  <system-out/>
  <testcase classname="com.ilabassessment.testcases.CareerJourneyTest" name="navigateToJobPost" time="12.759"/>
  <system-out/>
  <testcase classname="com.ilabassessment.testcases.CareerJourneyTest" name="navigateToJobPost" time="22.651"/>
  <system-out/>
  <testcase classname="com.ilabassessment.testcases.CareerJourneyTest" name="CompleteForm" time="62.852"/>
  <system-out/>
  <testcase classname="com.ilabassessment.testcases.CareerJourneyTest" name="CompleteForm" time="61.448"/>
  <system-out/>
</testsuite> <!-- com.ilabassessment.testcases.CareerJourneyTest -->
