<?xml version="1.0" encoding="UTF-8"?>
<!-- Generated by org.testng.reporters.JUnitReportReporter -->
<testsuite hostname="ITLFZVYMC2" failures="0" tests="3" name="com.ilabassessment.testcases.CareerJourneyTest" time="122.155" errors="0" timestamp="2023-01-29T23:15:33 SAST" skipped="0">
  <testcase classname="com.ilabassessment.testcases.CareerJourneyTest" name="navigateToCareer" time="40.680"/>
  <system-out/>
  <testcase classname="com.ilabassessment.testcases.CareerJourneyTest" name="navigateToJobPost" time="19.083"/>
  <system-out/>
  <testcase classname="com.ilabassessment.testcases.CareerJourneyTest" name="CompleteForm" time="62.392"/>
  <system-out/>
</testsuite> <!-- com.ilabassessment.testcases.CareerJourneyTest -->
